<?xml version="1.0" encoding="UTF-8" ?>
<testsuite failures="0" time="0.177" errors="0" skipped="0" tests="20" name="br.octahedron.cotopaxi.ControllerTest">
  <properties>
    <property name="java.runtime.name" value="Java(TM) SE Runtime Environment"/>
    <property name="sun.boot.library.path" value="/usr/lib/jvm/java-6-sun-1.6.0.22/jre/lib/i386"/>
    <property name="java.vm.version" value="17.1-b03"/>
    <property name="java.vm.vendor" value="Sun Microsystems Inc."/>
    <property name="java.vendor.url" value="http://java.sun.com/"/>
    <property name="path.separator" value=":"/>
    <property name="java.vm.name" value="Java HotSpot(TM) Server VM"/>
    <property name="file.encoding.pkg" value="sun.io"/>
    <property name="user.country" value="BR"/>
    <property name="sun.java.launcher" value="SUN_STANDARD"/>
    <property name="sun.os.patch.level" value="unknown"/>
    <property name="java.vm.specification.name" value="Java Virtual Machine Specification"/>
    <property name="user.dir" value="/home/danilo/Programming/projects/octahedron/cotopaxi-core"/>
    <property name="java.runtime.version" value="1.6.0_22-b04"/>
    <property name="java.awt.graphicsenv" value="sun.awt.X11GraphicsEnvironment"/>
    <property name="basedir" value="/home/danilo/Programming/projects/octahedron/cotopaxi-core"/>
    <property name="java.endorsed.dirs" value="/usr/lib/jvm/java-6-sun-1.6.0.22/jre/lib/endorsed"/>
    <property name="os.arch" value="i386"/>
    <property name="surefire.real.class.path" value="/tmp/surefirebooter7880169057086205187.jar"/>
    <property name="java.io.tmpdir" value="/tmp"/>
    <property name="line.separator" value="
"/>
    <property name="java.vm.specification.vendor" value="Sun Microsystems Inc."/>
    <property name="os.name" value="Linux"/>
    <property name="sun.jnu.encoding" value="UTF-8"/>
    <property name="java.library.path" value="/usr/lib/jvm/java-6-sun-1.6.0.22/jre/lib/i386/server:/usr/lib/jvm/java-6-sun-1.6.0.22/jre/lib/i386:/usr/lib/jvm/java-6-sun-1.6.0.22/jre/../lib/i386:/usr/java/packages/lib/i386:/lib:/usr/lib"/>
    <property name="surefire.test.class.path" value="/home/danilo/Programming/projects/octahedron/cotopaxi-core/target/test-classes:/home/danilo/Programming/projects/octahedron/cotopaxi-core/target/classes:/home/danilo/.m2/repository/junit/junit/4.8.2/junit-4.8.2.jar:/home/danilo/.m2/repository/org/easymock/easymock/3.0/easymock-3.0.jar:/home/danilo/.m2/repository/cglib/cglib-nodep/2.2/cglib-nodep-2.2.jar:/home/danilo/.m2/repository/org/objenesis/objenesis/1.2/objenesis-1.2.jar:/home/danilo/.m2/repository/javax/jdo/jdo2-api/2.3-eb/jdo2-api-2.3-eb.jar:/home/danilo/.m2/repository/org/apache/velocity/velocity/1.7/velocity-1.7.jar:/home/danilo/.m2/repository/commons-collections/commons-collections/3.2.1/commons-collections-3.2.1.jar:/home/danilo/.m2/repository/commons-lang/commons-lang/2.4/commons-lang-2.4.jar:/home/danilo/.m2/repository/org/apache/geronimo/specs/geronimo-servlet_2.5_spec/1.2/geronimo-servlet_2.5_spec-1.2.jar:"/>
    <property name="java.specification.name" value="Java Platform API Specification"/>
    <property name="java.class.version" value="50.0"/>
    <property name="sun.management.compiler" value="HotSpot Tiered Compilers"/>
    <property name="os.version" value="2.6.35-24-generic"/>
    <property name="user.home" value="/home/danilo"/>
    <property name="user.timezone" value="America/Recife"/>
    <property name="java.awt.printerjob" value="sun.print.PSPrinterJob"/>
    <property name="file.encoding" value="UTF-8"/>
    <property name="java.specification.version" value="1.6"/>
    <property name="user.name" value="danilo"/>
    <property name="java.class.path" value="/home/danilo/Programming/projects/octahedron/cotopaxi-core/target/test-classes:/home/danilo/Programming/projects/octahedron/cotopaxi-core/target/classes:/home/danilo/.m2/repository/junit/junit/4.8.2/junit-4.8.2.jar:/home/danilo/.m2/repository/org/easymock/easymock/3.0/easymock-3.0.jar:/home/danilo/.m2/repository/cglib/cglib-nodep/2.2/cglib-nodep-2.2.jar:/home/danilo/.m2/repository/org/objenesis/objenesis/1.2/objenesis-1.2.jar:/home/danilo/.m2/repository/javax/jdo/jdo2-api/2.3-eb/jdo2-api-2.3-eb.jar:/home/danilo/.m2/repository/org/apache/velocity/velocity/1.7/velocity-1.7.jar:/home/danilo/.m2/repository/commons-collections/commons-collections/3.2.1/commons-collections-3.2.1.jar:/home/danilo/.m2/repository/commons-lang/commons-lang/2.4/commons-lang-2.4.jar:/home/danilo/.m2/repository/org/apache/geronimo/specs/geronimo-servlet_2.5_spec/1.2/geronimo-servlet_2.5_spec-1.2.jar:"/>
    <property name="java.vm.specification.version" value="1.0"/>
    <property name="sun.arch.data.model" value="32"/>
    <property name="java.home" value="/usr/lib/jvm/java-6-sun-1.6.0.22/jre"/>
    <property name="java.specification.vendor" value="Sun Microsystems Inc."/>
    <property name="user.language" value="pt"/>
    <property name="java.vm.info" value="mixed mode"/>
    <property name="java.version" value="1.6.0_22"/>
    <property name="java.ext.dirs" value="/usr/lib/jvm/java-6-sun-1.6.0.22/jre/lib/ext:/usr/java/packages/lib/ext"/>
    <property name="sun.boot.class.path" value="/usr/lib/jvm/java-6-sun-1.6.0.22/jre/lib/resources.jar:/usr/lib/jvm/java-6-sun-1.6.0.22/jre/lib/rt.jar:/usr/lib/jvm/java-6-sun-1.6.0.22/jre/lib/sunrsasign.jar:/usr/lib/jvm/java-6-sun-1.6.0.22/jre/lib/jsse.jar:/usr/lib/jvm/java-6-sun-1.6.0.22/jre/lib/jce.jar:/usr/lib/jvm/java-6-sun-1.6.0.22/jre/lib/charsets.jar:/usr/lib/jvm/java-6-sun-1.6.0.22/jre/classes"/>
    <property name="java.vendor" value="Sun Microsystems Inc."/>
    <property name="localRepository" value="/home/danilo/.m2/repository"/>
    <property name="file.separator" value="/"/>
    <property name="java.vendor.url.bug" value="http://java.sun.com/cgi-bin/bugreport.cgi"/>
    <property name="sun.cpu.endian" value="little"/>
    <property name="sun.io.unicode.encoding" value="UnicodeLittle"/>
    <property name="sun.desktop" value="gnome"/>
    <property name="sun.cpu.isalist" value=""/>
  </properties>
  <testcase time="0.046" classname="br.octahedron.cotopaxi.ControllerTest" name="controllerTest1"/>
  <testcase time="0.011" classname="br.octahedron.cotopaxi.ControllerTest" name="controllerTest2"/>
  <testcase time="0.015" classname="br.octahedron.cotopaxi.ControllerTest" name="controllerTest3"/>
  <testcase time="0.006" classname="br.octahedron.cotopaxi.ControllerTest" name="controllerTest4"/>
  <testcase time="0.006" classname="br.octahedron.cotopaxi.ControllerTest" name="controllerTest5"/>
  <testcase time="0.005" classname="br.octahedron.cotopaxi.ControllerTest" name="controllerTest6"/>
  <testcase time="0.004" classname="br.octahedron.cotopaxi.ControllerTest" name="controllerTest7"/>
  <testcase time="0.005" classname="br.octahedron.cotopaxi.ControllerTest" name="controllerTest8"/>
  <testcase time="0.009" classname="br.octahedron.cotopaxi.ControllerTest" name="controllerTest9"/>
  <testcase time="0.005" classname="br.octahedron.cotopaxi.ControllerTest" name="controllerTest10"/>
  <testcase time="0.005" classname="br.octahedron.cotopaxi.ControllerTest" name="controllerTest11"/>
  <testcase time="0.005" classname="br.octahedron.cotopaxi.ControllerTest" name="controllerTest12"/>
  <testcase time="0.004" classname="br.octahedron.cotopaxi.ControllerTest" name="controllerTest13"/>
  <testcase time="0.004" classname="br.octahedron.cotopaxi.ControllerTest" name="controllerTest14"/>
  <testcase time="0.004" classname="br.octahedron.cotopaxi.ControllerTest" name="controllerTest15"/>
  <testcase time="0.01" classname="br.octahedron.cotopaxi.ControllerTest" name="controllerTest16"/>
  <testcase time="0.004" classname="br.octahedron.cotopaxi.ControllerTest" name="controllerTest17"/>
  <testcase time="0.007" classname="br.octahedron.cotopaxi.ControllerTest" name="controllerTest18"/>
  <testcase time="0.004" classname="br.octahedron.cotopaxi.ControllerTest" name="controllerTest19"/>
  <testcase time="0.004" classname="br.octahedron.cotopaxi.ControllerTest" name="controllerTest20"/>
</testsuite>